<?xml version="1.0" encoding="UTF-8"?>
<!-- Generated by org.testng.reporters.JUnitXMLReporter -->
<testsuite ignored="0" hostname="DESKTOP-L8UTCVQ" failures="1" tests="2" name="Default test" time="1.61" errors="0" timestamp="2025-06-28T19:32:32 IST">
  <testcase classname="io.cucumber.testng.AbstractTestNGCucumberTests" name="runScenario" time="0.161"/>
  <testcase classname="io.cucumber.testng.AbstractTestNGCucumberTests" name="runScenario" time="0.095">
    <failure type="io.cucumber.testng.UndefinedStepException" message="The step &amp;apos;User clicks on Remove&amp;apos; and 1 other step(s) are undefined.
You can implement these steps using the snippet(s) below:

@Then(&amp;quot;User clicks on Remove&amp;quot;)
public void user_clicks_on_remove() {
    // Write code here that turns the phrase above into concrete actions
    throw new io.cucumber.java.PendingException();
}
@Then(&amp;quot;Description of product {string} should not visible&amp;quot;)
public void description_of_product_should_not_visible(String string) {
    // Write code here that turns the phrase above into concrete actions
    throw new io.cucumber.java.PendingException();
}
">
      <![CDATA[io.cucumber.testng.UndefinedStepException: The step 'User clicks on Remove' and 1 other step(s) are undefined.
You can implement these steps using the snippet(s) below:

@Then("User clicks on Remove")
public void user_clicks_on_remove() {
    // Write code here that turns the phrase above into concrete actions
    throw new io.cucumber.java.PendingException();
}
@Then("Description of product {string} should not visible")
public void description_of_product_should_not_visible(String string) {
    // Write code here that turns the phrase above into concrete actions
    throw new io.cucumber.java.PendingException();
}

at ✽.User clicks on Remove(file:///H:/pranavsoftwares/SELENIUM/ECLIPSE/BDDc2/src/test/java/feature2/PlaceOrder.feature:26)
]]>
    </failure>
  </testcase> <!-- runScenario -->
</testsuite> <!-- Default test -->
