<?xml version="1.0" encoding="UTF-8"?>
<!-- Generated by org.testng.reporters.JUnitXMLReporter -->
<testsuite ignored="0" hostname="DESKTOP-L8UTCVQ" failures="1" tests="1" name="Default test" time="50.909" errors="0" timestamp="2025-06-15T12:51:43 IST">
  <testcase classname="io.cucumber.testng.AbstractTestNGCucumberTests" name="runScenario" time="8.488">
    <failure type="io.cucumber.testng.UndefinedStepException" message="The step &amp;apos;user launch chrome browser&amp;apos; is undefined.
You can implement this step using the snippet(s) below:

@Given(&amp;quot;user launch chrome browser&amp;quot;)
public void user_launch_chrome_browser() {
    // Write code here that turns the phrase above into concrete actions
    throw new io.cucumber.java.PendingException();
}
">
      <![CDATA[io.cucumber.testng.UndefinedStepException: The step 'user launch chrome browser' is undefined.
You can implement this step using the snippet(s) below:

@Given("user launch chrome browser")
public void user_launch_chrome_browser() {
    // Write code here that turns the phrase above into concrete actions
    throw new io.cucumber.java.PendingException();
}

at ✽.user launch chrome browser(file:///H:/pranavsoftwares/SELENIUM/ECLIPSE/BDDc2/src/test/java/feature2/login2.feature:4)
]]>
    </failure>
  </testcase> <!-- runScenario -->
</testsuite> <!-- Default test -->
