<?xml version="1.0" encoding="UTF-8"?>
<!-- Generated by org.testng.reporters.JUnitXMLReporter -->
<testsuite ignored="0" hostname="DESKTOP-L8UTCVQ" failures="1" tests="2" name="Test" time="58.784" errors="0" timestamp="2025-07-05T12:22:03 IST">
  <testcase classname="io.cucumber.testng.AbstractTestNGCucumberTests" name="runScenario" time="38.983"/>
  <testcase classname="io.cucumber.testng.AbstractTestNGCucumberTests" name="runScenario" time="18.244">
    <failure type="java.lang.AssertionError" message="Epic sadface: Username and password do not match any user in this service expected [Epic sadface: Username and password do not match any user in this service1] but found [Epic sadface: Username and password do not match any user in this service]">
      <![CDATA[java.lang.AssertionError: Epic sadface: Username and password do not match any user in this service expected [Epic sadface: Username and password do not match any user in this service1] but found [Epic sadface: Username and password do not match any user in this service]
at StepDefxy.UserLoginSteps.user_gets_invalid_login_error_messagem(UserLoginSteps.java:183)
at ✽.user gets invalid login error messagem "Epic sadface: Username and password do not match any user in this service1"(file:///H:/pranavsoftwares/SELENIUM/ECLIPSE/BDDc2/src/test/java/feature2/login2.feature:22)
... Removed 5 stack frames]]>
    </failure>
  </testcase> <!-- runScenario -->
</testsuite> <!-- Test -->
