<?xml version="1.0" encoding="UTF-8"?>
<testsuite xmlns:xsi="http://www.w3.org/2001/XMLSchema-instance" xsi:noNamespaceSchemaLocation="https://maven.apache.org/surefire/maven-surefire-plugin/xsd/surefire-test-report.xsd" version="3.0.2" name="TestSuite" time="93.054" tests="2" errors="0" skipped="0" failures="1">
  <properties>
[...]
</properties>
  <testcase name="runScenario[&quot;Add new product to cart&quot;, &quot;Add Product to Cart&quot;](1)" classname="TestRunnerxy.Runnerab" time="69.272">
    <failure message="no such element: Unable to locate element: {&quot;method&quot;:&quot;xpath&quot;,&quot;selector&quot;:&quot;//div[@class=&apos;cart_desc_label&apos;]&quot;}&#10;  (Session info: chrome=138.0.7204.97)&#10;For documentation on this error, please visit: https://www.selenium.dev/documentation/webdriver/troubleshooting/errors#no-such-element-exception&#10;Build info: version: &apos;4.33.0&apos;, revision: &apos;2c6aaad03a&apos;&#10;System info: os.name: &apos;Windows 10&apos;, os.arch: &apos;amd64&apos;, os.version: &apos;10.0&apos;, java.version: &apos;17.0.10&apos;&#10;Driver info: org.openqa.selenium.chrome.ChromeDriver&#10;Command: [29fa516d39f8a7d39a2574b7d4814aa8, findElement {using=xpath, value=//div[@class=&apos;cart_desc_label&apos;]}]&#10;Capabilities {acceptInsecureCerts: false, browserName: chrome, browserVersion: 138.0.7204.97, chrome: {chromedriverVersion: 138.0.7204.92 (f079b9bc781e..., userDataDir: C:\Users\ADMIN\AppData\Loca...}, fedcm:accounts: true, goog:chromeOptions: {debuggerAddress: localhost:52032}, networkConnectionEnabled: false, pageLoadStrategy: normal, platformName: windows, proxy: Proxy(), se:cdp: ws://localhost:52032/devtoo..., se:cdpVersion: 138.0.7204.97, setWindowRect: true, strictFileInteractability: false, timeouts: {implicit: 0, pageLoad: 300000, script: 30000}, unhandledPromptBehavior: dismiss and notify, webauthn:extension:credBlob: true, webauthn:extension:largeBlob: true, webauthn:extension:minPinLength: true, webauthn:extension:prf: true, webauthn:virtualAuthenticators: true}&#10;Session ID: 29fa516d39f8a7d39a2574b7d4814aa8" type="org.openqa.selenium.NoSuchElementException"><![CDATA[org.openqa.selenium.NoSuchElementException: 
no such element: Unable to locate element: {"method":"xpath","selector":"//div[@class='cart_desc_label']"}
  (Session info: chrome=138.0.7204.97)
For documentation on this error, please visit: https://www.selenium.dev/documentation/webdriver/troubleshooting/errors#no-such-element-exception
Build info: version: '4.33.0', revision: '2c6aaad03a'
System info: os.name: 'Windows 10', os.arch: 'amd64', os.version: '10.0', java.version: '17.0.10'
Driver info: org.openqa.selenium.chrome.ChromeDriver
Command: [29fa516d39f8a7d39a2574b7d4814aa8, findElement {using=xpath, value=//div[@class='cart_desc_label']}]
Capabilities {acceptInsecureCerts: false, browserName: chrome, browserVersion: 138.0.7204.97, chrome: {chromedriverVersion: 138.0.7204.92 (f079b9bc781e..., userDataDir: C:\Users\ADMIN\AppData\Loca...}, fedcm:accounts: true, goog:chromeOptions: {debuggerAddress: localhost:52032}, networkConnectionEnabled: false, pageLoadStrategy: normal, platformName: windows, proxy: Proxy(), se:cdp: ws://localhost:52032/devtoo..., se:cdpVersion: 138.0.7204.97, setWindowRect: true, strictFileInteractability: false, timeouts: {implicit: 0, pageLoad: 300000, script: 30000}, unhandledPromptBehavior: dismiss and notify, webauthn:extension:credBlob: true, webauthn:extension:largeBlob: true, webauthn:extension:minPinLength: true, webauthn:extension:prf: true, webauthn:virtualAuthenticators: true}
Session ID: 29fa516d39f8a7d39a2574b7d4814aa8
	at java.base/jdk.internal.reflect.NativeConstructorAccessorImpl.newInstance0(Native Method)
	at java.base/jdk.internal.reflect.NativeConstructorAccessorImpl.newInstance(NativeConstructorAccessorImpl.java:77)
	at java.base/jdk.internal.reflect.DelegatingConstructorAccessorImpl.newInstance(DelegatingConstructorAccessorImpl.java:45)
	at java.base/java.lang.reflect.Constructor.newInstanceWithCaller(Constructor.java:499)
	at java.base/java.lang.reflect.Constructor.newInstance(Constructor.java:480)
	at org.openqa.selenium.remote.ErrorCodec.decode(ErrorCodec.java:167)
	at org.openqa.selenium.remote.codec.w3c.W3CHttpResponseCodec.decode(W3CHttpResponseCodec.java:138)
	at org.openqa.selenium.remote.codec.w3c.W3CHttpResponseCodec.decode(W3CHttpResponseCodec.java:50)
	at org.openqa.selenium.remote.HttpCommandExecutor.execute(HttpCommandExecutor.java:215)
	at org.openqa.selenium.remote.service.DriverCommandExecutor.invokeExecute(DriverCommandExecutor.java:216)
	at org.openqa.selenium.remote.service.DriverCommandExecutor.execute(DriverCommandExecutor.java:174)
	at org.openqa.selenium.remote.RemoteWebDriver.execute(RemoteWebDriver.java:544)
	at org.openqa.selenium.remote.ElementLocation$ElementFinder$2.findElement(ElementLocation.java:165)
	at org.openqa.selenium.remote.ElementLocation.findElement(ElementLocation.java:59)
	at org.openqa.selenium.remote.RemoteWebDriver.findElement(RemoteWebDriver.java:367)
	at org.openqa.selenium.remote.RemoteWebDriver.findElement(RemoteWebDriver.java:361)
	at org.openqa.selenium.support.pagefactory.DefaultElementLocator.findElement(DefaultElementLocator.java:68)
	at org.openqa.selenium.support.pagefactory.internal.LocatingElementHandler.invoke(LocatingElementHandler.java:38)
	at jdk.proxy2/jdk.proxy2.$Proxy26.getText(Unknown Source)
	at PageObject.ProductPage.descrpt(ProductPage.java:83)
	at StepDefxy.UserLoginSteps.of_product_is_visible(UserLoginSteps.java:252)
	at ✽."DESCRIPTION" of product is visible(file:///H:/pranavsoftwares/SELENIUM/ECLIPSE/BDDc2/src/test/java/feature2/PlaceOrder.feature:17)
]]></failure>
    <system-out><![CDATA[
@sanity
Scenario: Add new product to cart                                              # src/test/java/feature2/PlaceOrder.feature:9
this will execute 2nd as per order sequence
this runs before each step...
  Given user launch chrome browser                                             # StepDefxy.UserLoginSteps.user_launch_chrome_browser()
this runs after each step..
this runs before each step...
  When user opens url "https://www.saucedemo.com/v1/"                          # StepDefxy.UserLoginSteps.user_opens_url(java.lang.String)
this runs after each step..
this runs before each step...
  And user enters username as "standard_user" and password as "secret_sauce"   # StepDefxy.UserLoginSteps.user_enters_username_as_and_password_as(java.lang.String,java.lang.String)
this runs after each step..
this runs before each step...
  And click on login                                                           # StepDefxy.UserLoginSteps.click_on_login()
this runs after each step..
this runs before each step...
Sauce Labs Bolt T-Shirt
  Then product name "Sauce Labs Bolt T-Shirt" should be available in products. # StepDefxy.UserLoginSteps.product_name_should_be_available_in_products(java.lang.String)
this runs after each step..
this runs before each step...
  And price of the product should be "$15.99"                                  # StepDefxy.UserLoginSteps.price_of_the_product_should_be(java.lang.String)
this runs after each step..
this runs before each step...
  Then User clicks on product name.                                            # StepDefxy.UserLoginSteps.user_clicks_on_product_name()
this runs after each step..
this runs before each step...
  And User clicks on Add to cart.                                              # StepDefxy.UserLoginSteps.user_clicks_on_add_to_cart()
this runs after each step..
this runs before each step...
  And User clicks on Cart                                                      # StepDefxy.UserLoginSteps.user_clicks_on_cart()
this runs after each step..
this runs before each step...
  Then "DESCRIPTION" of product is visible                                     # StepDefxy.UserLoginSteps.of_product_is_visible(java.lang.String)
      org.openqa.selenium.NoSuchElementException: no such element: Unable to locate element: {"method":"xpath","selector":"//div[@class='cart_desc_label']"}
        (Session info: chrome=138.0.7204.97)
      For documentation on this error, please visit: https://www.selenium.dev/documentation/webdriver/troubleshooting/errors#no-such-element-exception
      Build info: version: '4.33.0', revision: '2c6aaad03a'
      System info: os.name: 'Windows 10', os.arch: 'amd64', os.version: '10.0', java.version: '17.0.10'
      Driver info: org.openqa.selenium.chrome.ChromeDriver
      Command: [29fa516d39f8a7d39a2574b7d4814aa8, findElement {using=xpath, value=//div[@class='cart_desc_label']}]
      Capabilities {acceptInsecureCerts: false, browserName: chrome, browserVersion: 138.0.7204.97, chrome: {chromedriverVersion: 138.0.7204.92 (f079b9bc781e..., userDataDir: C:\Users\ADMIN\AppData\Loca...}, fedcm:accounts: true, goog:chromeOptions: {debuggerAddress: localhost:52032}, networkConnectionEnabled: false, pageLoadStrategy: normal, platformName: windows, proxy: Proxy(), se:cdp: ws://localhost:52032/devtoo..., se:cdpVersion: 138.0.7204.97, setWindowRect: true, strictFileInteractability: false, timeouts: {implicit: 0, pageLoad: 300000, script: 30000}, unhandledPromptBehavior: dismiss and notify, webauthn:extension:credBlob: true, webauthn:extension:largeBlob: true, webauthn:extension:minPinLength: true, webauthn:extension:prf: true, webauthn:virtualAuthenticators: true}
      Session ID: 29fa516d39f8a7d39a2574b7d4814aa8
      	at java.base/jdk.internal.reflect.NativeConstructorAccessorImpl.newInstance0(Native Method)
      	at java.base/jdk.internal.reflect.NativeConstructorAccessorImpl.newInstance(NativeConstructorAccessorImpl.java:77)
      	at java.base/jdk.internal.reflect.DelegatingConstructorAccessorImpl.newInstance(DelegatingConstructorAccessorImpl.java:45)
      	at java.base/java.lang.reflect.Constructor.newInstanceWithCaller(Constructor.java:499)
      	at java.base/java.lang.reflect.Constructor.newInstance(Constructor.java:480)
      	at org.openqa.selenium.remote.ErrorCodec.decode(ErrorCodec.java:167)
      	at org.openqa.selenium.remote.codec.w3c.W3CHttpResponseCodec.decode(W3CHttpResponseCodec.java:138)
      	at org.openqa.selenium.remote.codec.w3c.W3CHttpResponseCodec.decode(W3CHttpResponseCodec.java:50)
      	at org.openqa.selenium.remote.HttpCommandExecutor.execute(HttpCommandExecutor.java:215)
      	at org.openqa.selenium.remote.service.DriverCommandExecutor.invokeExecute(DriverCommandExecutor.java:216)
      	at org.openqa.selenium.remote.service.DriverCommandExecutor.execute(DriverCommandExecutor.java:174)
      	at org.openqa.selenium.remote.RemoteWebDriver.execute(RemoteWebDriver.java:544)
      	at org.openqa.selenium.remote.ElementLocation$ElementFinder$2.findElement(ElementLocation.java:165)
      	at org.openqa.selenium.remote.ElementLocation.findElement(ElementLocation.java:59)
      	at org.openqa.selenium.remote.RemoteWebDriver.findElement(RemoteWebDriver.java:367)
      	at org.openqa.selenium.remote.RemoteWebDriver.findElement(RemoteWebDriver.java:361)
      	at org.openqa.selenium.support.pagefactory.DefaultElementLocator.findElement(DefaultElementLocator.java:68)
      	at org.openqa.selenium.support.pagefactory.internal.LocatingElementHandler.invoke(LocatingElementHandler.java:38)
      	at jdk.proxy2/jdk.proxy2.$Proxy26.getText(Unknown Source)
      	at PageObject.ProductPage.descrpt(ProductPage.java:83)
      	at StepDefxy.UserLoginSteps.of_product_is_visible(UserLoginSteps.java:252)
      	at âœ½."DESCRIPTION" of product is visible(file:///H:/pranavsoftwares/SELENIUM/ECLIPSE/BDDc2/src/test/java/feature2/PlaceOrder.feature:17)
this runs after each step..
  And Description of product is "Sauce Labs Bolt T-Shirt"                      # StepDefxy.UserLoginSteps.description_of_product_is(java.lang.String)
  And close browser                                                            # StepDefxy.UserLoginSteps.close_browser()
this  execute 1st due to higher order sequence
this execute last due to lower order sequence
]]></system-out>
    <system-err><![CDATA[SLF4J(W): No SLF4J providers were found.
SLF4J(W): Defaulting to no-operation (NOP) logger implementation
SLF4J(W): See https://www.slf4j.org/codes.html#noProviders for further details.
Jul 06, 2025 9:24:15 AM org.openqa.selenium.devtools.CdpVersionFinder findNearestMatch
WARNING: Unable to find an exact match for CDP version 138, returning the closest version; found: 137; Please update to a Selenium version that supports CDP version 138
]]></system-err>
  </testcase>
  <testcase name="runScenario[&quot;User login with invalid credentials&quot;, &quot;User Login Functionality&quot;](2)" classname="TestRunnerxy.Runnerab" time="16.688">
    <system-out><![CDATA[
@sanity
Scenario: User login with invalid credentials                                                                             # src/test/java/feature2/login2.feature:19
this will execute 2nd as per order sequence
this runs before each step...
  Given user launch chrome browser                                                                                        # StepDefxy.UserLoginSteps.user_launch_chrome_browser()
this runs after each step..
this runs before each step...
  When user opens url "https://www.saucedemo.com/v1/"                                                                     # StepDefxy.UserLoginSteps.user_opens_url(java.lang.String)
this runs after each step..
this runs before each step...
  And user enters username as "abc" and password as "xyz"                                                                 # StepDefxy.UserLoginSteps.user_enters_username_as_and_password_as(java.lang.String,java.lang.String)
this runs after each step..
this runs before each step...
  And click on login                                                                                                      # StepDefxy.UserLoginSteps.click_on_login()
this runs after each step..
this runs before each step...
Epic sadface: Username and password do not match any user in this service
  Then user gets invalid login error messagem "Epic sadface: Username and password do not match any user in this service" # StepDefxy.UserLoginSteps.user_gets_invalid_login_error_messagem(java.lang.String)
this runs after each step..
this runs before each step...
  And close browser                                                                                                       # StepDefxy.UserLoginSteps.close_browser()
this runs after each step..
this  execute 1st due to higher order sequence
]]></system-out>
    <system-err><![CDATA[Jul 06, 2025 9:24:48 AM org.openqa.selenium.devtools.CdpVersionFinder findNearestMatch
WARNING: Unable to find an exact match for CDP version 138, returning the closest version; found: 137; Please update to a Selenium version that supports CDP version 138
Jul 06, 2025 9:24:52 AM org.openqa.selenium.remote.http.WebSocket$Listener onError
WARNING: Connection reset
java.net.SocketException: Connection reset
	at java.base/sun.nio.ch.SocketChannelImpl.throwConnectionReset(SocketChannelImpl.java:394)
	at java.base/sun.nio.ch.SocketChannelImpl.read(SocketChannelImpl.java:426)
	at java.net.http/jdk.internal.net.http.SocketTube.readAvailable(SocketTube.java:1170)
	at java.net.http/jdk.internal.net.http.SocketTube$InternalReadPublisher$InternalReadSubscription.read(SocketTube.java:833)
	at java.net.http/jdk.internal.net.http.SocketTube$SocketFlowTask.run(SocketTube.java:181)
	at java.net.http/jdk.internal.net.http.common.SequentialScheduler$SchedulableTask.run(SequentialScheduler.java:230)
	at java.net.http/jdk.internal.net.http.common.SequentialScheduler.runOrSchedule(SequentialScheduler.java:303)
	at java.net.http/jdk.internal.net.http.common.SequentialScheduler.runOrSchedule(SequentialScheduler.java:256)
	at java.net.http/jdk.internal.net.http.SocketTube$InternalReadPublisher$InternalReadSubscription.signalReadable(SocketTube.java:774)
	at java.net.http/jdk.internal.net.http.SocketTube$InternalReadPublisher$ReadEvent.signalEvent(SocketTube.java:957)
	at java.net.http/jdk.internal.net.http.SocketTube$SocketFlowEvent.handle(SocketTube.java:253)
	at java.net.http/jdk.internal.net.http.HttpClientImpl$SelectorManager.handleEvent(HttpClientImpl.java:979)
	at java.net.http/jdk.internal.net.http.HttpClientImpl$SelectorManager.lambda$run$3(HttpClientImpl.java:934)
	at java.base/java.util.ArrayList.forEach(ArrayList.java:1511)
	at java.net.http/jdk.internal.net.http.HttpClientImpl$SelectorManager.run(HttpClientImpl.java:934)

]]></system-err>
  </testcase>
</testsuite>