<?xml version="1.0" encoding="UTF-8"?>
<testng-results ignored="0" total="2" passed="2" failed="0" skipped="0">
  <reporter-output>
  </reporter-output>
  <suite started-at="2025-07-07T21:02:25 IST" name="Suite" finished-at="2025-07-07T21:02:42 IST" duration-ms="16692">
    <groups>
      <group name="cucumber">
        <method signature="AbstractTestNGCucumberTests.runScenario(io.cucumber.testng.PickleWrapper,io.cucumber.testng.FeatureWrapper)[pri:0, instance:TestRunnerxy.Runnerab@5c80cf32]" name="runScenario" class="io.cucumber.testng.AbstractTestNGCucumberTests"/>
      </group> <!-- cucumber -->
    </groups>
    <test started-at="2025-07-07T21:02:25 IST" name="Test" finished-at="2025-07-07T21:02:42 IST" duration-ms="16692">
      <class name="TestRunnerxy.Runnerab">
        <test-method is-config="true" signature="setUpClass(org.testng.ITestContext)[pri:0, instance:TestRunnerxy.Runnerab@5c80cf32]" started-at="2025-07-07T21:02:25 IST" name="setUpClass" finished-at="2025-07-07T21:02:26 IST" duration-ms="980" status="PASS">
          <params>
            <param index="0">
              <value>
                <![CDATA[org.testng.TestRunner@2be818da]]>
              </value>
            </param>
          </params>
          <reporter-output>
          </reporter-output>
        </test-method> <!-- setUpClass -->
        <test-method signature="runScenario(io.cucumber.testng.PickleWrapper,io.cucumber.testng.FeatureWrapper)[pri:0, instance:TestRunnerxy.Runnerab@5c80cf32]" started-at="2025-07-07T21:02:26 IST" name="runScenario" description="Runs Cucumber Scenarios" data-provider="scenarios" finished-at="2025-07-07T21:02:34 IST" duration-ms="7717" status="PASS">
          <params>
            <param index="0">
              <value>
                <![CDATA["Add new product to cart"]]>
              </value>
            </param>
            <param index="1">
              <value>
                <![CDATA["Add Product to Cart"]]>
              </value>
            </param>
          </params>
          <reporter-output>
          </reporter-output>
        </test-method> <!-- runScenario -->
        <test-method signature="runScenario(io.cucumber.testng.PickleWrapper,io.cucumber.testng.FeatureWrapper)[pri:0, instance:TestRunnerxy.Runnerab@5c80cf32]" started-at="2025-07-07T21:02:34 IST" name="runScenario" description="Runs Cucumber Scenarios" data-provider="scenarios" finished-at="2025-07-07T21:02:41 IST" duration-ms="7906" status="PASS">
          <params>
            <param index="0">
              <value>
                <![CDATA["User login with invalid credentials"]]>
              </value>
            </param>
            <param index="1">
              <value>
                <![CDATA["User Login Functionality"]]>
              </value>
            </param>
          </params>
          <reporter-output>
          </reporter-output>
        </test-method> <!-- runScenario -->
        <test-method is-config="true" signature="tearDownClass()[pri:0, instance:TestRunnerxy.Runnerab@5c80cf32]" started-at="2025-07-07T21:02:41 IST" name="tearDownClass" finished-at="2025-07-07T21:02:42 IST" duration-ms="26" status="PASS">
          <reporter-output>
          </reporter-output>
        </test-method> <!-- tearDownClass -->
      </class> <!-- TestRunnerxy.Runnerab -->
    </test> <!-- Test -->
  </suite> <!-- Suite -->
</testng-results>
