<?xml version="1.0" encoding="UTF-8"?>
<testng-results ignored="0" total="2" passed="1" failed="1" skipped="0">
  <reporter-output>
  </reporter-output>
  <suite started-at="2025-07-04T20:58:21 IST" name="Suite" finished-at="2025-07-04T20:58:44 IST" duration-ms="23499">
    <groups>
      <group name="cucumber">
        <method signature="AbstractTestNGCucumberTests.runScenario(io.cucumber.testng.PickleWrapper,io.cucumber.testng.FeatureWrapper)[pri:0, instance:TestRunnerxy.Runnerab@7fd50002]" name="runScenario" class="io.cucumber.testng.AbstractTestNGCucumberTests"/>
      </group> <!-- cucumber -->
    </groups>
    <test started-at="2025-07-04T20:58:21 IST" name="Test" finished-at="2025-07-04T20:58:44 IST" duration-ms="23499">
      <class name="TestRunnerxy.Runnerab">
        <test-method is-config="true" signature="setUpClass(org.testng.ITestContext)[pri:0, instance:TestRunnerxy.Runnerab@7fd50002]" started-at="2025-07-04T20:58:21 IST" name="setUpClass" finished-at="2025-07-04T20:58:22 IST" duration-ms="902" status="PASS">
          <params>
            <param index="0">
              <value>
                <![CDATA[org.testng.TestRunner@7df6d663]]>
              </value>
            </param>
          </params>
          <reporter-output>
          </reporter-output>
        </test-method> <!-- setUpClass -->
        <test-method signature="runScenario(io.cucumber.testng.PickleWrapper,io.cucumber.testng.FeatureWrapper)[pri:0, instance:TestRunnerxy.Runnerab@7fd50002]" started-at="2025-07-04T20:58:22 IST" name="runScenario" description="Runs Cucumber Scenarios" data-provider="scenarios" finished-at="2025-07-04T20:58:40 IST" duration-ms="17949" status="PASS">
          <params>
            <param index="0">
              <value>
                <![CDATA["Add new product to cart"]]>
              </value>
            </param>
            <param index="1">
              <value>
                <![CDATA["Add Product to Cart"]]>
              </value>
            </param>
          </params>
          <reporter-output>
          </reporter-output>
        </test-method> <!-- runScenario -->
        <test-method signature="runScenario(io.cucumber.testng.PickleWrapper,io.cucumber.testng.FeatureWrapper)[pri:0, instance:TestRunnerxy.Runnerab@7fd50002]" started-at="2025-07-04T20:58:40 IST" name="runScenario" description="Runs Cucumber Scenarios" data-provider="scenarios" finished-at="2025-07-04T20:58:44 IST" duration-ms="4546" status="FAIL">
          <params>
            <param index="0">
              <value>
                <![CDATA["User login with invalid credentials"]]>
              </value>
            </param>
            <param index="1">
              <value>
                <![CDATA["User Login Functionality"]]>
              </value>
            </param>
          </params>
          <exception class="java.lang.AssertionError">
            <message>
              <![CDATA[Epic sadface: Username and password do not match any user in this service expected [Epic sadface: Username and password do not match any user in this service1] but found [Epic sadface: Username and password do not match any user in this service]]]>
            </message>
            <full-stacktrace>
              <![CDATA[java.lang.AssertionError: Epic sadface: Username and password do not match any user in this service expected [Epic sadface: Username and password do not match any user in this service1] but found [Epic sadface: Username and password do not match any user in this service]
at org.testng.Assert.fail(Assert.java:111)
at org.testng.Assert.failNotEquals(Assert.java:1590)
at org.testng.Assert.assertEqualsImpl(Assert.java:150)
at org.testng.Assert.assertEquals(Assert.java:132)
at org.testng.Assert.assertEquals(Assert.java:656)
at StepDefxy.UserLoginSteps.user_gets_invalid_login_error_messagem(UserLoginSteps.java:183)
at ✽.user gets invalid login error messagem "Epic sadface: Username and password do not match any user in this service1"(file:///H:/pranavsoftwares/SELENIUM/ECLIPSE/BDDc2/src/test/java/feature2/login2.feature:22)
]]>
            </full-stacktrace>
          </exception> <!-- java.lang.AssertionError -->
          <reporter-output>
          </reporter-output>
        </test-method> <!-- runScenario -->
        <test-method is-config="true" signature="tearDownClass()[pri:0, instance:TestRunnerxy.Runnerab@7fd50002]" started-at="2025-07-04T20:58:44 IST" name="tearDownClass" finished-at="2025-07-04T20:58:44 IST" duration-ms="39" status="PASS">
          <reporter-output>
          </reporter-output>
        </test-method> <!-- tearDownClass -->
      </class> <!-- TestRunnerxy.Runnerab -->
    </test> <!-- Test -->
  </suite> <!-- Suite -->
</testng-results>
