<?xml version="1.0" encoding="UTF-8"?>
<!-- Generated by org.testng.reporters.JUnitReportReporter -->
<testsuite hostname="DESKTOP-L8UTCVQ" failures="1" tests="2" name="TestRunnerxy.Runnerab" time="22.495" errors="0" timestamp="2025-07-04T20:58:44 IST" skipped="0">
  <testcase classname="TestRunnerxy.Runnerab" name="runScenario" time="17.949"/>
  <testcase classname="TestRunnerxy.Runnerab" name="runScenario" time="4.546">
    <failure message="Epic sadface: Username and password do not match any user in this service expected [Epic sadface: Username and password do not match any user in this service1] but found [Epic sadface: Username and password do not match any user in this service]" type="java.lang.AssertionError">
      <![CDATA[java.lang.AssertionError: Epic sadface: Username and password do not match any user in this service expected [Epic sadface: Username and password do not match any user in this service1] but found [Epic sadface: Username and password do not match any user in this service]
at org.testng.Assert.fail(Assert.java:111)
at org.testng.Assert.failNotEquals(Assert.java:1590)
at org.testng.Assert.assertEqualsImpl(Assert.java:150)
at org.testng.Assert.assertEquals(Assert.java:132)
at org.testng.Assert.assertEquals(Assert.java:656)
at StepDefxy.UserLoginSteps.user_gets_invalid_login_error_messagem(UserLoginSteps.java:183)
at ✽.user gets invalid login error messagem "Epic sadface: Username and password do not match any user in this service1"(file:///H:/pranavsoftwares/SELENIUM/ECLIPSE/BDDc2/src/test/java/feature2/login2.feature:22)
]]>
    </failure>
  </testcase> <!-- runScenario -->
</testsuite> <!-- TestRunnerxy.Runnerab -->
